  cpu.cpp
C:\Users\mjgou\source\repos\GBEmulator\cpu.cpp(56,29): error C3861: 'fetch_next_byte': identifier not found
C:\Users\mjgou\source\repos\GBEmulator\cpu.cpp(189,14): error C2196: case value '90' already used
C:\Users\mjgou\source\repos\GBEmulator\cpu.cpp(192,14): error C2196: case value '106' already used
C:\Users\mjgou\source\repos\GBEmulator\cpu.cpp(195,14): error C2196: case value '122' already used
C:\Users\mjgou\source\repos\GBEmulator\cpu.cpp(198,14): error C2196: case value '138' already used
C:\Users\mjgou\source\repos\GBEmulator\cpu.cpp(201,14): error C2196: case value '154' already used
C:\Users\mjgou\source\repos\GBEmulator\cpu.cpp(204,14): error C2196: case value '170' already used
C:\Users\mjgou\source\repos\GBEmulator\cpu.cpp(207,14): error C2196: case value '186' already used
C:\Users\mjgou\source\repos\GBEmulator\cpu.cpp(222,14): error C2196: case value '0' already used
C:\Users\mjgou\source\repos\GBEmulator\cpu.cpp(225,14): error C2196: case value '1' already used
C:\Users\mjgou\source\repos\GBEmulator\cpu.cpp(252,14): error C2196: case value '10' already used
C:\Users\mjgou\source\repos\GBEmulator\cpu.cpp(258,14): error C2196: case value '12' already used
C:\Users\mjgou\source\repos\GBEmulator\cpu.cpp(261,14): error C2196: case value '13' already used
C:\Users\mjgou\source\repos\GBEmulator\cpu.cpp(264,14): error C2196: case value '14' already used
C:\Users\mjgou\source\repos\GBEmulator\cpu.cpp(267,14): error C2196: case value '15' already used
C:\Users\mjgou\source\repos\GBEmulator\cpu.cpp(270,14): error C2196: case value '0' already used
C:\Users\mjgou\source\repos\GBEmulator\cpu.cpp(273,14): error C2196: case value '1' already used
C:\Users\mjgou\source\repos\GBEmulator\cpu.cpp(276,14): error C2196: case value '2' already used
C:\Users\mjgou\source\repos\GBEmulator\cpu.cpp(279,14): error C2196: case value '3' already used
C:\Users\mjgou\source\repos\GBEmulator\cpu.cpp(282,14): error C2196: case value '4' already used
C:\Users\mjgou\source\repos\GBEmulator\cpu.cpp(285,14): error C2196: case value '5' already used
C:\Users\mjgou\source\repos\GBEmulator\cpu.cpp(288,14): error C2196: case value '6' already used
C:\Users\mjgou\source\repos\GBEmulator\cpu.cpp(291,14): error C2196: case value '7' already used
C:\Users\mjgou\source\repos\GBEmulator\cpu.cpp(294,14): error C2196: case value '8' already used
C:\Users\mjgou\source\repos\GBEmulator\cpu.cpp(297,14): error C2196: case value '9' already used
C:\Users\mjgou\source\repos\GBEmulator\cpu.cpp(300,14): error C2196: case value '10' already used
C:\Users\mjgou\source\repos\GBEmulator\cpu.cpp(303,14): error C2196: case value '11' already used
C:\Users\mjgou\source\repos\GBEmulator\cpu.cpp(306,14): error C2196: case value '12' already used
C:\Users\mjgou\source\repos\GBEmulator\cpu.cpp(309,14): error C2196: case value '13' already used
C:\Users\mjgou\source\repos\GBEmulator\cpu.cpp(312,14): error C2196: case value '14' already used
C:\Users\mjgou\source\repos\GBEmulator\cpu.cpp(315,14): error C2196: case value '15' already used
C:\Users\mjgou\source\repos\GBEmulator\cpu.cpp(318,14): error C2196: case value '0' already used
C:\Users\mjgou\source\repos\GBEmulator\cpu.cpp(321,14): error C2196: case value '1' already used
C:\Users\mjgou\source\repos\GBEmulator\cpu.cpp(324,14): error C2196: case value '2' already used
C:\Users\mjgou\source\repos\GBEmulator\cpu.cpp(327,14): error C2196: case value '3' already used
C:\Users\mjgou\source\repos\GBEmulator\cpu.cpp(330,14): error C2196: case value '4' already used
C:\Users\mjgou\source\repos\GBEmulator\cpu.cpp(333,14): error C2196: case value '5' already used
C:\Users\mjgou\source\repos\GBEmulator\cpu.cpp(336,14): error C2196: case value '6' already used
C:\Users\mjgou\source\repos\GBEmulator\cpu.cpp(339,14): error C2196: case value '7' already used
C:\Users\mjgou\source\repos\GBEmulator\cpu.cpp(342,14): error C2196: case value '8' already used
C:\Users\mjgou\source\repos\GBEmulator\cpu.cpp(345,14): error C2196: case value '9' already used
C:\Users\mjgou\source\repos\GBEmulator\cpu.cpp(348,14): error C2196: case value '10' already used
C:\Users\mjgou\source\repos\GBEmulator\cpu.cpp(351,14): error C2196: case value '11' already used
C:\Users\mjgou\source\repos\GBEmulator\cpu.cpp(354,14): error C2196: case value '12' already used
C:\Users\mjgou\source\repos\GBEmulator\cpu.cpp(357,14): error C2196: case value '13' already used
C:\Users\mjgou\source\repos\GBEmulator\cpu.cpp(360,14): error C2196: case value '14' already used
C:\Users\mjgou\source\repos\GBEmulator\cpu.cpp(363,14): error C2196: case value '15' already used
C:\Users\mjgou\source\repos\GBEmulator\cpu.cpp(366,14): error C2196: case value '0' already used
C:\Users\mjgou\source\repos\GBEmulator\cpu.cpp(369,14): error C2196: case value '1' already used
C:\Users\mjgou\source\repos\GBEmulator\cpu.cpp(372,14): error C2196: case value '2' already used
C:\Users\mjgou\source\repos\GBEmulator\cpu.cpp(375,14): error C2196: case value '3' already used
C:\Users\mjgou\source\repos\GBEmulator\cpu.cpp(378,14): error C2196: case value '4' already used
C:\Users\mjgou\source\repos\GBEmulator\cpu.cpp(381,14): error C2196: case value '5' already used
C:\Users\mjgou\source\repos\GBEmulator\cpu.cpp(384,14): error C2196: case value '6' already used
C:\Users\mjgou\source\repos\GBEmulator\cpu.cpp(387,14): error C2196: case value '7' already used
C:\Users\mjgou\source\repos\GBEmulator\cpu.cpp(390,14): error C2196: case value '8' already used
C:\Users\mjgou\source\repos\GBEmulator\cpu.cpp(393,14): error C2196: case value '9' already used
C:\Users\mjgou\source\repos\GBEmulator\cpu.cpp(396,14): error C2196: case value '10' already used
C:\Users\mjgou\source\repos\GBEmulator\cpu.cpp(399,14): error C2196: case value '11' already used
C:\Users\mjgou\source\repos\GBEmulator\cpu.cpp(402,14): error C2196: case value '12' already used
C:\Users\mjgou\source\repos\GBEmulator\cpu.cpp(405,14): error C2196: case value '13' already used
C:\Users\mjgou\source\repos\GBEmulator\cpu.cpp(408,14): error C2196: case value '14' already used
C:\Users\mjgou\source\repos\GBEmulator\cpu.cpp(411,14): error C2196: case value '15' already used
C:\Users\mjgou\source\repos\GBEmulator\cpu.cpp(414,14): error C2196: case value '0' already used
C:\Users\mjgou\source\repos\GBEmulator\cpu.cpp(417,14): error C2196: case value '1' already used
C:\Users\mjgou\source\repos\GBEmulator\cpu.cpp(420,14): error C2196: case value '2' already used
C:\Users\mjgou\source\repos\GBEmulator\cpu.cpp(423,14): error C2196: case value '3' already used
C:\Users\mjgou\source\repos\GBEmulator\cpu.cpp(426,14): error C2196: case value '4' already used
C:\Users\mjgou\source\repos\GBEmulator\cpu.cpp(429,14): error C2196: case value '5' already used
C:\Users\mjgou\source\repos\GBEmulator\cpu.cpp(432,14): error C2196: case value '6' already used
C:\Users\mjgou\source\repos\GBEmulator\cpu.cpp(435,14): error C2196: case value '7' already used
C:\Users\mjgou\source\repos\GBEmulator\cpu.cpp(438,14): error C2196: case value '8' already used
C:\Users\mjgou\source\repos\GBEmulator\cpu.cpp(441,14): error C2196: case value '9' already used
C:\Users\mjgou\source\repos\GBEmulator\cpu.cpp(444,14): error C2196: case value '10' already used
C:\Users\mjgou\source\repos\GBEmulator\cpu.cpp(447,14): error C2196: case value '11' already used
C:\Users\mjgou\source\repos\GBEmulator\cpu.cpp(450,14): error C2196: case value '12' already used
C:\Users\mjgou\source\repos\GBEmulator\cpu.cpp(453,14): error C2196: case value '13' already used
C:\Users\mjgou\source\repos\GBEmulator\cpu.cpp(456,14): error C2196: case value '14' already used
C:\Users\mjgou\source\repos\GBEmulator\cpu.cpp(459,14): error C2196: case value '15' already used
C:\Users\mjgou\source\repos\GBEmulator\cpu.cpp(462,14): error C2196: case value '0' already used
C:\Users\mjgou\source\repos\GBEmulator\cpu.cpp(465,14): error C2196: case value '1' already used
C:\Users\mjgou\source\repos\GBEmulator\cpu.cpp(468,14): error C2196: case value '2' already used
C:\Users\mjgou\source\repos\GBEmulator\cpu.cpp(471,14): error C2196: case value '3' already used
C:\Users\mjgou\source\repos\GBEmulator\cpu.cpp(474,14): error C2196: case value '4' already used
C:\Users\mjgou\source\repos\GBEmulator\cpu.cpp(477,14): error C2196: case value '5' already used
C:\Users\mjgou\source\repos\GBEmulator\cpu.cpp(480,14): error C2196: case value '6' already used
C:\Users\mjgou\source\repos\GBEmulator\cpu.cpp(483,14): error C2196: case value '7' already used
C:\Users\mjgou\source\repos\GBEmulator\cpu.cpp(486,14): error C2196: case value '8' already used
C:\Users\mjgou\source\repos\GBEmulator\cpu.cpp(489,14): error C2196: case value '9' already used
C:\Users\mjgou\source\repos\GBEmulator\cpu.cpp(492,14): error C2196: case value '10' already used
C:\Users\mjgou\source\repos\GBEmulator\cpu.cpp(495,14): error C2196: case value '11' already used
C:\Users\mjgou\source\repos\GBEmulator\cpu.cpp(498,14): error C2196: case value '12' already used
C:\Users\mjgou\source\repos\GBEmulator\cpu.cpp(501,14): error C2196: case value '13' already used
C:\Users\mjgou\source\repos\GBEmulator\cpu.cpp(504,14): error C2196: case value '14' already used
C:\Users\mjgou\source\repos\GBEmulator\cpu.cpp(507,14): error C2196: case value '15' already used
C:\Users\mjgou\source\repos\GBEmulator\cpu.cpp(510,14): error C2196: case value '0' already used
C:\Users\mjgou\source\repos\GBEmulator\cpu.cpp(513,14): error C2196: case value '1' already used
C:\Users\mjgou\source\repos\GBEmulator\cpu.cpp(516,14): error C2196: case value '2' already used
C:\Users\mjgou\source\repos\GBEmulator\cpu.cpp(519,14): error C2196: case value '3' already used
C:\Users\mjgou\source\repos\GBEmulator\cpu.cpp(522,14): error C2196: case value '4' already used
C:\Users\mjgou\source\repos\GBEmulator\cpu.cpp(525,14): error C2196: case value '5' already used
C:\Users\mjgou\source\repos\GBEmulator\cpu.cpp(525,9): fatal  error C1003: error count exceeds 100; stopping compilation
  memory.cpp
  Generating Code...
